<?xml version="1.0" encoding="UTF-8"?>
<testsuite xmlns:xsi="http://www.w3.org/2001/XMLSchema-instance" xsi:noNamespaceSchemaLocation="https://maven.apache.org/surefire/maven-surefire-plugin/xsd/surefire-test-report.xsd" name="me.adminmonitor.AdminmonitorApplicationTests" time="8.654" tests="1" errors="0" skipped="0" failures="0">
  <properties>
    <property name="sun.desktop" value="windows"/>
    <property name="awt.toolkit" value="sun.awt.windows.WToolkit"/>
    <property name="java.specification.version" value="11"/>
    <property name="sun.cpu.isalist" value="amd64"/>
    <property name="sun.jnu.encoding" value="MS949"/>
    <property name="java.class.path" value="D:\진실이껌딱지\work\spring-boot-unity\adminmonitor\target\test-classes;D:\진실이껌딱지\work\spring-boot-unity\adminmonitor\target\classes;D:\진실이껌딱지\m2\repository\de\codecentric\spring-boot-admin-starter-server\2.1.4\spring-boot-admin-starter-server-2.1.4.jar;D:\진실이껌딱지\m2\repository\de\codecentric\spring-boot-admin-server\2.1.4\spring-boot-admin-server-2.1.4.jar;D:\진실이껌딱지\m2\repository\org\springframework\boot\spring-boot-starter-webflux\2.1.3.RELEASE\spring-boot-starter-webflux-2.1.3.RELEASE.jar;D:\진실이껌딱지\m2\repository\org\springframework\boot\spring-boot-starter-reactor-netty\2.1.3.RELEASE\spring-boot-starter-reactor-netty-2.1.3.RELEASE.jar;D:\진실이껌딱지\m2\repository\io\projectreactor\netty\reactor-netty\0.8.5.RELEASE\reactor-netty-0.8.5.RELEASE.jar;D:\진실이껌딱지\m2\repository\io\netty\netty-codec-http\4.1.33.Final\netty-codec-http-4.1.33.Final.jar;D:\진실이껌딱지\m2\repository\io\netty\netty-common\4.1.33.Final\netty-common-4.1.33.Final.jar;D:\진실이껌딱지\m2\repository\io\netty\netty-buffer\4.1.33.Final\netty-buffer-4.1.33.Final.jar;D:\진실이껌딱지\m2\repository\io\netty\netty-transport\4.1.33.Final\netty-transport-4.1.33.Final.jar;D:\진실이껌딱지\m2\repository\io\netty\netty-resolver\4.1.33.Final\netty-resolver-4.1.33.Final.jar;D:\진실이껌딱지\m2\repository\io\netty\netty-codec\4.1.33.Final\netty-codec-4.1.33.Final.jar;D:\진실이껌딱지\m2\repository\io\netty\netty-codec-http2\4.1.33.Final\netty-codec-http2-4.1.33.Final.jar;D:\진실이껌딱지\m2\repository\io\netty\netty-handler\4.1.33.Final\netty-handler-4.1.33.Final.jar;D:\진실이껌딱지\m2\repository\io\netty\netty-handler-proxy\4.1.33.Final\netty-handler-proxy-4.1.33.Final.jar;D:\진실이껌딱지\m2\repository\io\netty\netty-codec-socks\4.1.33.Final\netty-codec-socks-4.1.33.Final.jar;D:\진실이껌딱지\m2\repository\io\netty\netty-transport-native-epoll\4.1.33.Final\netty-transport-native-epoll-4.1.33.Final-linux-x86_64.jar;D:\진실이껌딱지\m2\repository\io\netty\netty-transport-native-unix-common\4.1.33.Final\netty-transport-native-unix-common-4.1.33.Final.jar;D:\진실이껌딱지\m2\repository\org\springframework\spring-webflux\5.1.5.RELEASE\spring-webflux-5.1.5.RELEASE.jar;D:\진실이껌딱지\m2\repository\org\synchronoss\cloud\nio-multipart-parser\1.1.0\nio-multipart-parser-1.1.0.jar;D:\진실이껌딱지\m2\repository\org\synchronoss\cloud\nio-stream-storage\1.1.3\nio-stream-storage-1.1.3.jar;D:\진실이껌딱지\m2\repository\org\springframework\boot\spring-boot-starter-thymeleaf\2.1.3.RELEASE\spring-boot-starter-thymeleaf-2.1.3.RELEASE.jar;D:\진실이껌딱지\m2\repository\org\thymeleaf\thymeleaf-spring5\3.0.11.RELEASE\thymeleaf-spring5-3.0.11.RELEASE.jar;D:\진실이껌딱지\m2\repository\org\thymeleaf\thymeleaf\3.0.11.RELEASE\thymeleaf-3.0.11.RELEASE.jar;D:\진실이껌딱지\m2\repository\org\attoparser\attoparser\2.0.5.RELEASE\attoparser-2.0.5.RELEASE.jar;D:\진실이껌딱지\m2\repository\org\unbescape\unbescape\1.1.6.RELEASE\unbescape-1.1.6.RELEASE.jar;D:\진실이껌딱지\m2\repository\org\thymeleaf\extras\thymeleaf-extras-java8time\3.0.3.RELEASE\thymeleaf-extras-java8time-3.0.3.RELEASE.jar;D:\진실이껌딱지\m2\repository\org\springframework\boot\spring-boot-starter-actuator\2.1.3.RELEASE\spring-boot-starter-actuator-2.1.3.RELEASE.jar;D:\진실이껌딱지\m2\repository\org\springframework\boot\spring-boot-actuator-autoconfigure\2.1.3.RELEASE\spring-boot-actuator-autoconfigure-2.1.3.RELEASE.jar;D:\진실이껌딱지\m2\repository\org\springframework\boot\spring-boot-actuator\2.1.3.RELEASE\spring-boot-actuator-2.1.3.RELEASE.jar;D:\진실이껌딱지\m2\repository\io\micrometer\micrometer-core\1.1.3\micrometer-core-1.1.3.jar;D:\진실이껌딱지\m2\repository\org\hdrhistogram\HdrHistogram\2.1.9\HdrHistogram-2.1.9.jar;D:\진실이껌딱지\m2\repository\org\latencyutils\LatencyUtils\2.0.3\LatencyUtils-2.0.3.jar;D:\진실이껌딱지\m2\repository\io\projectreactor\addons\reactor-extra\3.2.2.RELEASE\reactor-extra-3.2.2.RELEASE.jar;D:\진실이껌딱지\m2\repository\io\projectreactor\reactor-core\3.2.6.RELEASE\reactor-core-3.2.6.RELEASE.jar;D:\진실이껌딱지\m2\repository\org\reactivestreams\reactive-streams\1.0.2\reactive-streams-1.0.2.jar;D:\진실이껌딱지\m2\repository\de\codecentric\spring-boot-admin-server-ui\2.1.4\spring-boot-admin-server-ui-2.1.4.jar;D:\진실이껌딱지\m2\repository\de\codecentric\spring-boot-admin-server-cloud\2.1.4\spring-boot-admin-server-cloud-2.1.4.jar;D:\진실이껌딱지\m2\repository\org\springframework\boot\spring-boot-starter-web\2.1.3.RELEASE\spring-boot-starter-web-2.1.3.RELEASE.jar;D:\진실이껌딱지\m2\repository\org\springframework\boot\spring-boot-starter\2.1.3.RELEASE\spring-boot-starter-2.1.3.RELEASE.jar;D:\진실이껌딱지\m2\repository\org\springframework\boot\spring-boot\2.1.3.RELEASE\spring-boot-2.1.3.RELEASE.jar;D:\진실이껌딱지\m2\repository\org\springframework\boot\spring-boot-autoconfigure\2.1.3.RELEASE\spring-boot-autoconfigure-2.1.3.RELEASE.jar;D:\진실이껌딱지\m2\repository\org\springframework\boot\spring-boot-starter-logging\2.1.3.RELEASE\spring-boot-starter-logging-2.1.3.RELEASE.jar;D:\진실이껌딱지\m2\repository\ch\qos\logback\logback-classic\1.2.3\logback-classic-1.2.3.jar;D:\진실이껌딱지\m2\repository\ch\qos\logback\logback-core\1.2.3\logback-core-1.2.3.jar;D:\진실이껌딱지\m2\repository\org\apache\logging\log4j\log4j-to-slf4j\2.11.2\log4j-to-slf4j-2.11.2.jar;D:\진실이껌딱지\m2\repository\org\apache\logging\log4j\log4j-api\2.11.2\log4j-api-2.11.2.jar;D:\진실이껌딱지\m2\repository\org\slf4j\jul-to-slf4j\1.7.25\jul-to-slf4j-1.7.25.jar;D:\진실이껌딱지\m2\repository\javax\annotation\javax.annotation-api\1.3.2\javax.annotation-api-1.3.2.jar;D:\진실이껌딱지\m2\repository\org\yaml\snakeyaml\1.23\snakeyaml-1.23.jar;D:\진실이껌딱지\m2\repository\org\springframework\boot\spring-boot-starter-json\2.1.3.RELEASE\spring-boot-starter-json-2.1.3.RELEASE.jar;D:\진실이껌딱지\m2\repository\com\fasterxml\jackson\core\jackson-databind\2.9.8\jackson-databind-2.9.8.jar;D:\진실이껌딱지\m2\repository\com\fasterxml\jackson\core\jackson-annotations\2.9.0\jackson-annotations-2.9.0.jar;D:\진실이껌딱지\m2\repository\com\fasterxml\jackson\core\jackson-core\2.9.8\jackson-core-2.9.8.jar;D:\진실이껌딱지\m2\repository\com\fasterxml\jackson\datatype\jackson-datatype-jdk8\2.9.8\jackson-datatype-jdk8-2.9.8.jar;D:\진실이껌딱지\m2\repository\com\fasterxml\jackson\datatype\jackson-datatype-jsr310\2.9.8\jackson-datatype-jsr310-2.9.8.jar;D:\진실이껌딱지\m2\repository\com\fasterxml\jackson\module\jackson-module-parameter-names\2.9.8\jackson-module-parameter-names-2.9.8.jar;D:\진실이껌딱지\m2\repository\org\springframework\boot\spring-boot-starter-tomcat\2.1.3.RELEASE\spring-boot-starter-tomcat-2.1.3.RELEASE.jar;D:\진실이껌딱지\m2\repository\org\apache\tomcat\embed\tomcat-embed-core\9.0.16\tomcat-embed-core-9.0.16.jar;D:\진실이껌딱지\m2\repository\org\apache\tomcat\embed\tomcat-embed-el\9.0.16\tomcat-embed-el-9.0.16.jar;D:\진실이껌딱지\m2\repository\org\apache\tomcat\embed\tomcat-embed-websocket\9.0.16\tomcat-embed-websocket-9.0.16.jar;D:\진실이껌딱지\m2\repository\org\hibernate\validator\hibernate-validator\6.0.14.Final\hibernate-validator-6.0.14.Final.jar;D:\진실이껌딱지\m2\repository\javax\validation\validation-api\2.0.1.Final\validation-api-2.0.1.Final.jar;D:\진실이껌딱지\m2\repository\org\jboss\logging\jboss-logging\3.3.2.Final\jboss-logging-3.3.2.Final.jar;D:\진실이껌딱지\m2\repository\com\fasterxml\classmate\1.4.0\classmate-1.4.0.jar;D:\진실이껌딱지\m2\repository\org\springframework\spring-web\5.1.5.RELEASE\spring-web-5.1.5.RELEASE.jar;D:\진실이껌딱지\m2\repository\org\springframework\spring-beans\5.1.5.RELEASE\spring-beans-5.1.5.RELEASE.jar;D:\진실이껌딱지\m2\repository\org\springframework\spring-webmvc\5.1.5.RELEASE\spring-webmvc-5.1.5.RELEASE.jar;D:\진실이껌딱지\m2\repository\org\springframework\spring-context\5.1.5.RELEASE\spring-context-5.1.5.RELEASE.jar;D:\진실이껌딱지\m2\repository\org\springframework\spring-expression\5.1.5.RELEASE\spring-expression-5.1.5.RELEASE.jar;D:\진실이껌딱지\m2\repository\org\springframework\boot\spring-boot-starter-security\2.1.3.RELEASE\spring-boot-starter-security-2.1.3.RELEASE.jar;D:\진실이껌딱지\m2\repository\org\springframework\spring-aop\5.1.5.RELEASE\spring-aop-5.1.5.RELEASE.jar;D:\진실이껌딱지\m2\repository\org\springframework\security\spring-security-config\5.1.4.RELEASE\spring-security-config-5.1.4.RELEASE.jar;D:\진실이껌딱지\m2\repository\org\springframework\security\spring-security-core\5.1.4.RELEASE\spring-security-core-5.1.4.RELEASE.jar;D:\진실이껌딱지\m2\repository\org\springframework\security\spring-security-web\5.1.4.RELEASE\spring-security-web-5.1.4.RELEASE.jar;D:\진실이껌딱지\m2\repository\org\springframework\boot\spring-boot-starter-test\2.1.3.RELEASE\spring-boot-starter-test-2.1.3.RELEASE.jar;D:\진실이껌딱지\m2\repository\org\springframework\boot\spring-boot-test\2.1.3.RELEASE\spring-boot-test-2.1.3.RELEASE.jar;D:\진실이껌딱지\m2\repository\org\springframework\boot\spring-boot-test-autoconfigure\2.1.3.RELEASE\spring-boot-test-autoconfigure-2.1.3.RELEASE.jar;D:\진실이껌딱지\m2\repository\com\jayway\jsonpath\json-path\2.4.0\json-path-2.4.0.jar;D:\진실이껌딱지\m2\repository\net\minidev\json-smart\2.3\json-smart-2.3.jar;D:\진실이껌딱지\m2\repository\net\minidev\accessors-smart\1.2\accessors-smart-1.2.jar;D:\진실이껌딱지\m2\repository\org\ow2\asm\asm\5.0.4\asm-5.0.4.jar;D:\진실이껌딱지\m2\repository\org\slf4j\slf4j-api\1.7.25\slf4j-api-1.7.25.jar;D:\진실이껌딱지\m2\repository\junit\junit\4.12\junit-4.12.jar;D:\진실이껌딱지\m2\repository\org\assertj\assertj-core\3.11.1\assertj-core-3.11.1.jar;D:\진실이껌딱지\m2\repository\org\mockito\mockito-core\2.23.4\mockito-core-2.23.4.jar;D:\진실이껌딱지\m2\repository\net\bytebuddy\byte-buddy\1.9.10\byte-buddy-1.9.10.jar;D:\진실이껌딱지\m2\repository\net\bytebuddy\byte-buddy-agent\1.9.10\byte-buddy-agent-1.9.10.jar;D:\진실이껌딱지\m2\repository\org\objenesis\objenesis\2.6\objenesis-2.6.jar;D:\진실이껌딱지\m2\repository\org\hamcrest\hamcrest-core\1.3\hamcrest-core-1.3.jar;D:\진실이껌딱지\m2\repository\org\hamcrest\hamcrest-library\1.3\hamcrest-library-1.3.jar;D:\진실이껌딱지\m2\repository\org\skyscreamer\jsonassert\1.5.0\jsonassert-1.5.0.jar;D:\진실이껌딱지\m2\repository\com\vaadin\external\google\android-json\0.0.20131108.vaadin1\android-json-0.0.20131108.vaadin1.jar;D:\진실이껌딱지\m2\repository\org\springframework\spring-core\5.1.5.RELEASE\spring-core-5.1.5.RELEASE.jar;D:\진실이껌딱지\m2\repository\org\springframework\spring-jcl\5.1.5.RELEASE\spring-jcl-5.1.5.RELEASE.jar;D:\진실이껌딱지\m2\repository\org\springframework\spring-test\5.1.5.RELEASE\spring-test-5.1.5.RELEASE.jar;D:\진실이껌딱지\m2\repository\org\xmlunit\xmlunit-core\2.6.2\xmlunit-core-2.6.2.jar;D:\진실이껌딱지\m2\repository\javax\xml\bind\jaxb-api\2.3.1\jaxb-api-2.3.1.jar;D:\진실이껌딱지\m2\repository\javax\activation\javax.activation-api\1.2.0\javax.activation-api-1.2.0.jar;"/>
    <property name="java.vm.vendor" value="Oracle Corporation"/>
    <property name="sun.arch.data.model" value="64"/>
    <property name="user.variant" value=""/>
    <property name="java.vendor.url" value="http://java.oracle.com/"/>
    <property name="user.timezone" value="Asia/Seoul"/>
    <property name="java.vm.specification.version" value="11"/>
    <property name="os.name" value="Windows 10"/>
    <property name="sun.java.launcher" value="SUN_STANDARD"/>
    <property name="user.country" value="KR"/>
    <property name="sun.boot.library.path" value="D:\openjdk-11.0.2_windows-x64_bin\jdk-11.0.2\bin"/>
    <property name="sun.java.command" value="C:\Users\진실\AppData\Local\Temp\surefire13346372795154301206\surefirebooter13404818051287229126.jar C:\Users\진실\AppData\Local\Temp\surefire13346372795154301206 2019-06-20T19-19-28_422-jvmRun1 surefire322915877648409968tmp surefire_015507728812718455906tmp"/>
    <property name="jdk.debug" value="release"/>
    <property name="surefire.test.class.path" value="D:\진실이껌딱지\work\spring-boot-unity\adminmonitor\target\test-classes;D:\진실이껌딱지\work\spring-boot-unity\adminmonitor\target\classes;D:\진실이껌딱지\m2\repository\de\codecentric\spring-boot-admin-starter-server\2.1.4\spring-boot-admin-starter-server-2.1.4.jar;D:\진실이껌딱지\m2\repository\de\codecentric\spring-boot-admin-server\2.1.4\spring-boot-admin-server-2.1.4.jar;D:\진실이껌딱지\m2\repository\org\springframework\boot\spring-boot-starter-webflux\2.1.3.RELEASE\spring-boot-starter-webflux-2.1.3.RELEASE.jar;D:\진실이껌딱지\m2\repository\org\springframework\boot\spring-boot-starter-reactor-netty\2.1.3.RELEASE\spring-boot-starter-reactor-netty-2.1.3.RELEASE.jar;D:\진실이껌딱지\m2\repository\io\projectreactor\netty\reactor-netty\0.8.5.RELEASE\reactor-netty-0.8.5.RELEASE.jar;D:\진실이껌딱지\m2\repository\io\netty\netty-codec-http\4.1.33.Final\netty-codec-http-4.1.33.Final.jar;D:\진실이껌딱지\m2\repository\io\netty\netty-common\4.1.33.Final\netty-common-4.1.33.Final.jar;D:\진실이껌딱지\m2\repository\io\netty\netty-buffer\4.1.33.Final\netty-buffer-4.1.33.Final.jar;D:\진실이껌딱지\m2\repository\io\netty\netty-transport\4.1.33.Final\netty-transport-4.1.33.Final.jar;D:\진실이껌딱지\m2\repository\io\netty\netty-resolver\4.1.33.Final\netty-resolver-4.1.33.Final.jar;D:\진실이껌딱지\m2\repository\io\netty\netty-codec\4.1.33.Final\netty-codec-4.1.33.Final.jar;D:\진실이껌딱지\m2\repository\io\netty\netty-codec-http2\4.1.33.Final\netty-codec-http2-4.1.33.Final.jar;D:\진실이껌딱지\m2\repository\io\netty\netty-handler\4.1.33.Final\netty-handler-4.1.33.Final.jar;D:\진실이껌딱지\m2\repository\io\netty\netty-handler-proxy\4.1.33.Final\netty-handler-proxy-4.1.33.Final.jar;D:\진실이껌딱지\m2\repository\io\netty\netty-codec-socks\4.1.33.Final\netty-codec-socks-4.1.33.Final.jar;D:\진실이껌딱지\m2\repository\io\netty\netty-transport-native-epoll\4.1.33.Final\netty-transport-native-epoll-4.1.33.Final-linux-x86_64.jar;D:\진실이껌딱지\m2\repository\io\netty\netty-transport-native-unix-common\4.1.33.Final\netty-transport-native-unix-common-4.1.33.Final.jar;D:\진실이껌딱지\m2\repository\org\springframework\spring-webflux\5.1.5.RELEASE\spring-webflux-5.1.5.RELEASE.jar;D:\진실이껌딱지\m2\repository\org\synchronoss\cloud\nio-multipart-parser\1.1.0\nio-multipart-parser-1.1.0.jar;D:\진실이껌딱지\m2\repository\org\synchronoss\cloud\nio-stream-storage\1.1.3\nio-stream-storage-1.1.3.jar;D:\진실이껌딱지\m2\repository\org\springframework\boot\spring-boot-starter-thymeleaf\2.1.3.RELEASE\spring-boot-starter-thymeleaf-2.1.3.RELEASE.jar;D:\진실이껌딱지\m2\repository\org\thymeleaf\thymeleaf-spring5\3.0.11.RELEASE\thymeleaf-spring5-3.0.11.RELEASE.jar;D:\진실이껌딱지\m2\repository\org\thymeleaf\thymeleaf\3.0.11.RELEASE\thymeleaf-3.0.11.RELEASE.jar;D:\진실이껌딱지\m2\repository\org\attoparser\attoparser\2.0.5.RELEASE\attoparser-2.0.5.RELEASE.jar;D:\진실이껌딱지\m2\repository\org\unbescape\unbescape\1.1.6.RELEASE\unbescape-1.1.6.RELEASE.jar;D:\진실이껌딱지\m2\repository\org\thymeleaf\extras\thymeleaf-extras-java8time\3.0.3.RELEASE\thymeleaf-extras-java8time-3.0.3.RELEASE.jar;D:\진실이껌딱지\m2\repository\org\springframework\boot\spring-boot-starter-actuator\2.1.3.RELEASE\spring-boot-starter-actuator-2.1.3.RELEASE.jar;D:\진실이껌딱지\m2\repository\org\springframework\boot\spring-boot-actuator-autoconfigure\2.1.3.RELEASE\spring-boot-actuator-autoconfigure-2.1.3.RELEASE.jar;D:\진실이껌딱지\m2\repository\org\springframework\boot\spring-boot-actuator\2.1.3.RELEASE\spring-boot-actuator-2.1.3.RELEASE.jar;D:\진실이껌딱지\m2\repository\io\micrometer\micrometer-core\1.1.3\micrometer-core-1.1.3.jar;D:\진실이껌딱지\m2\repository\org\hdrhistogram\HdrHistogram\2.1.9\HdrHistogram-2.1.9.jar;D:\진실이껌딱지\m2\repository\org\latencyutils\LatencyUtils\2.0.3\LatencyUtils-2.0.3.jar;D:\진실이껌딱지\m2\repository\io\projectreactor\addons\reactor-extra\3.2.2.RELEASE\reactor-extra-3.2.2.RELEASE.jar;D:\진실이껌딱지\m2\repository\io\projectreactor\reactor-core\3.2.6.RELEASE\reactor-core-3.2.6.RELEASE.jar;D:\진실이껌딱지\m2\repository\org\reactivestreams\reactive-streams\1.0.2\reactive-streams-1.0.2.jar;D:\진실이껌딱지\m2\repository\de\codecentric\spring-boot-admin-server-ui\2.1.4\spring-boot-admin-server-ui-2.1.4.jar;D:\진실이껌딱지\m2\repository\de\codecentric\spring-boot-admin-server-cloud\2.1.4\spring-boot-admin-server-cloud-2.1.4.jar;D:\진실이껌딱지\m2\repository\org\springframework\boot\spring-boot-starter-web\2.1.3.RELEASE\spring-boot-starter-web-2.1.3.RELEASE.jar;D:\진실이껌딱지\m2\repository\org\springframework\boot\spring-boot-starter\2.1.3.RELEASE\spring-boot-starter-2.1.3.RELEASE.jar;D:\진실이껌딱지\m2\repository\org\springframework\boot\spring-boot\2.1.3.RELEASE\spring-boot-2.1.3.RELEASE.jar;D:\진실이껌딱지\m2\repository\org\springframework\boot\spring-boot-autoconfigure\2.1.3.RELEASE\spring-boot-autoconfigure-2.1.3.RELEASE.jar;D:\진실이껌딱지\m2\repository\org\springframework\boot\spring-boot-starter-logging\2.1.3.RELEASE\spring-boot-starter-logging-2.1.3.RELEASE.jar;D:\진실이껌딱지\m2\repository\ch\qos\logback\logback-classic\1.2.3\logback-classic-1.2.3.jar;D:\진실이껌딱지\m2\repository\ch\qos\logback\logback-core\1.2.3\logback-core-1.2.3.jar;D:\진실이껌딱지\m2\repository\org\apache\logging\log4j\log4j-to-slf4j\2.11.2\log4j-to-slf4j-2.11.2.jar;D:\진실이껌딱지\m2\repository\org\apache\logging\log4j\log4j-api\2.11.2\log4j-api-2.11.2.jar;D:\진실이껌딱지\m2\repository\org\slf4j\jul-to-slf4j\1.7.25\jul-to-slf4j-1.7.25.jar;D:\진실이껌딱지\m2\repository\javax\annotation\javax.annotation-api\1.3.2\javax.annotation-api-1.3.2.jar;D:\진실이껌딱지\m2\repository\org\yaml\snakeyaml\1.23\snakeyaml-1.23.jar;D:\진실이껌딱지\m2\repository\org\springframework\boot\spring-boot-starter-json\2.1.3.RELEASE\spring-boot-starter-json-2.1.3.RELEASE.jar;D:\진실이껌딱지\m2\repository\com\fasterxml\jackson\core\jackson-databind\2.9.8\jackson-databind-2.9.8.jar;D:\진실이껌딱지\m2\repository\com\fasterxml\jackson\core\jackson-annotations\2.9.0\jackson-annotations-2.9.0.jar;D:\진실이껌딱지\m2\repository\com\fasterxml\jackson\core\jackson-core\2.9.8\jackson-core-2.9.8.jar;D:\진실이껌딱지\m2\repository\com\fasterxml\jackson\datatype\jackson-datatype-jdk8\2.9.8\jackson-datatype-jdk8-2.9.8.jar;D:\진실이껌딱지\m2\repository\com\fasterxml\jackson\datatype\jackson-datatype-jsr310\2.9.8\jackson-datatype-jsr310-2.9.8.jar;D:\진실이껌딱지\m2\repository\com\fasterxml\jackson\module\jackson-module-parameter-names\2.9.8\jackson-module-parameter-names-2.9.8.jar;D:\진실이껌딱지\m2\repository\org\springframework\boot\spring-boot-starter-tomcat\2.1.3.RELEASE\spring-boot-starter-tomcat-2.1.3.RELEASE.jar;D:\진실이껌딱지\m2\repository\org\apache\tomcat\embed\tomcat-embed-core\9.0.16\tomcat-embed-core-9.0.16.jar;D:\진실이껌딱지\m2\repository\org\apache\tomcat\embed\tomcat-embed-el\9.0.16\tomcat-embed-el-9.0.16.jar;D:\진실이껌딱지\m2\repository\org\apache\tomcat\embed\tomcat-embed-websocket\9.0.16\tomcat-embed-websocket-9.0.16.jar;D:\진실이껌딱지\m2\repository\org\hibernate\validator\hibernate-validator\6.0.14.Final\hibernate-validator-6.0.14.Final.jar;D:\진실이껌딱지\m2\repository\javax\validation\validation-api\2.0.1.Final\validation-api-2.0.1.Final.jar;D:\진실이껌딱지\m2\repository\org\jboss\logging\jboss-logging\3.3.2.Final\jboss-logging-3.3.2.Final.jar;D:\진실이껌딱지\m2\repository\com\fasterxml\classmate\1.4.0\classmate-1.4.0.jar;D:\진실이껌딱지\m2\repository\org\springframework\spring-web\5.1.5.RELEASE\spring-web-5.1.5.RELEASE.jar;D:\진실이껌딱지\m2\repository\org\springframework\spring-beans\5.1.5.RELEASE\spring-beans-5.1.5.RELEASE.jar;D:\진실이껌딱지\m2\repository\org\springframework\spring-webmvc\5.1.5.RELEASE\spring-webmvc-5.1.5.RELEASE.jar;D:\진실이껌딱지\m2\repository\org\springframework\spring-context\5.1.5.RELEASE\spring-context-5.1.5.RELEASE.jar;D:\진실이껌딱지\m2\repository\org\springframework\spring-expression\5.1.5.RELEASE\spring-expression-5.1.5.RELEASE.jar;D:\진실이껌딱지\m2\repository\org\springframework\boot\spring-boot-starter-security\2.1.3.RELEASE\spring-boot-starter-security-2.1.3.RELEASE.jar;D:\진실이껌딱지\m2\repository\org\springframework\spring-aop\5.1.5.RELEASE\spring-aop-5.1.5.RELEASE.jar;D:\진실이껌딱지\m2\repository\org\springframework\security\spring-security-config\5.1.4.RELEASE\spring-security-config-5.1.4.RELEASE.jar;D:\진실이껌딱지\m2\repository\org\springframework\security\spring-security-core\5.1.4.RELEASE\spring-security-core-5.1.4.RELEASE.jar;D:\진실이껌딱지\m2\repository\org\springframework\security\spring-security-web\5.1.4.RELEASE\spring-security-web-5.1.4.RELEASE.jar;D:\진실이껌딱지\m2\repository\org\springframework\boot\spring-boot-starter-test\2.1.3.RELEASE\spring-boot-starter-test-2.1.3.RELEASE.jar;D:\진실이껌딱지\m2\repository\org\springframework\boot\spring-boot-test\2.1.3.RELEASE\spring-boot-test-2.1.3.RELEASE.jar;D:\진실이껌딱지\m2\repository\org\springframework\boot\spring-boot-test-autoconfigure\2.1.3.RELEASE\spring-boot-test-autoconfigure-2.1.3.RELEASE.jar;D:\진실이껌딱지\m2\repository\com\jayway\jsonpath\json-path\2.4.0\json-path-2.4.0.jar;D:\진실이껌딱지\m2\repository\net\minidev\json-smart\2.3\json-smart-2.3.jar;D:\진실이껌딱지\m2\repository\net\minidev\accessors-smart\1.2\accessors-smart-1.2.jar;D:\진실이껌딱지\m2\repository\org\ow2\asm\asm\5.0.4\asm-5.0.4.jar;D:\진실이껌딱지\m2\repository\org\slf4j\slf4j-api\1.7.25\slf4j-api-1.7.25.jar;D:\진실이껌딱지\m2\repository\junit\junit\4.12\junit-4.12.jar;D:\진실이껌딱지\m2\repository\org\assertj\assertj-core\3.11.1\assertj-core-3.11.1.jar;D:\진실이껌딱지\m2\repository\org\mockito\mockito-core\2.23.4\mockito-core-2.23.4.jar;D:\진실이껌딱지\m2\repository\net\bytebuddy\byte-buddy\1.9.10\byte-buddy-1.9.10.jar;D:\진실이껌딱지\m2\repository\net\bytebuddy\byte-buddy-agent\1.9.10\byte-buddy-agent-1.9.10.jar;D:\진실이껌딱지\m2\repository\org\objenesis\objenesis\2.6\objenesis-2.6.jar;D:\진실이껌딱지\m2\repository\org\hamcrest\hamcrest-core\1.3\hamcrest-core-1.3.jar;D:\진실이껌딱지\m2\repository\org\hamcrest\hamcrest-library\1.3\hamcrest-library-1.3.jar;D:\진실이껌딱지\m2\repository\org\skyscreamer\jsonassert\1.5.0\jsonassert-1.5.0.jar;D:\진실이껌딱지\m2\repository\com\vaadin\external\google\android-json\0.0.20131108.vaadin1\android-json-0.0.20131108.vaadin1.jar;D:\진실이껌딱지\m2\repository\org\springframework\spring-core\5.1.5.RELEASE\spring-core-5.1.5.RELEASE.jar;D:\진실이껌딱지\m2\repository\org\springframework\spring-jcl\5.1.5.RELEASE\spring-jcl-5.1.5.RELEASE.jar;D:\진실이껌딱지\m2\repository\org\springframework\spring-test\5.1.5.RELEASE\spring-test-5.1.5.RELEASE.jar;D:\진실이껌딱지\m2\repository\org\xmlunit\xmlunit-core\2.6.2\xmlunit-core-2.6.2.jar;D:\진실이껌딱지\m2\repository\javax\xml\bind\jaxb-api\2.3.1\jaxb-api-2.3.1.jar;D:\진실이껌딱지\m2\repository\javax\activation\javax.activation-api\1.2.0\javax.activation-api-1.2.0.jar;"/>
    <property name="sun.cpu.endian" value="little"/>
    <property name="user.home" value="C:\Users\진실"/>
    <property name="user.language" value="ko"/>
    <property name="java.specification.vendor" value="Oracle Corporation"/>
    <property name="java.version.date" value="2019-01-15"/>
    <property name="java.home" value="D:\openjdk-11.0.2_windows-x64_bin\jdk-11.0.2"/>
    <property name="file.separator" value="\"/>
    <property name="basedir" value="D:\진실이껌딱지\work\spring-boot-unity\adminmonitor"/>
    <property name="java.vm.compressedOopsMode" value="32-bit"/>
    <property name="line.separator" value="&#10;"/>
    <property name="java.specification.name" value="Java Platform API Specification"/>
    <property name="java.vm.specification.vendor" value="Oracle Corporation"/>
    <property name="java.awt.graphicsenv" value="sun.awt.Win32GraphicsEnvironment"/>
    <property name="surefire.real.class.path" value="C:\Users\진실\AppData\Local\Temp\surefire13346372795154301206\surefirebooter13404818051287229126.jar"/>
    <property name="user.script" value=""/>
    <property name="sun.management.compiler" value="HotSpot 64-Bit Tiered Compilers"/>
    <property name="java.runtime.version" value="11.0.2+9"/>
    <property name="user.name" value="진실"/>
    <property name="path.separator" value=";"/>
    <property name="os.version" value="10.0"/>
    <property name="java.runtime.name" value="OpenJDK Runtime Environment"/>
    <property name="file.encoding" value="MS949"/>
    <property name="java.vm.name" value="OpenJDK 64-Bit Server VM"/>
    <property name="java.vendor.version" value="18.9"/>
    <property name="localRepository" value="D:\진실이껌딱지\m2\repository"/>
    <property name="java.vendor.url.bug" value="http://bugreport.java.com/bugreport/"/>
    <property name="java.io.tmpdir" value="C:\Users\진실\AppData\Local\Temp\"/>
    <property name="java.version" value="11.0.2"/>
    <property name="user.dir" value="D:\진실이껌딱지\work\spring-boot-unity\adminmonitor"/>
    <property name="os.arch" value="amd64"/>
    <property name="java.vm.specification.name" value="Java Virtual Machine Specification"/>
    <property name="java.awt.printerjob" value="sun.awt.windows.WPrinterJob"/>
    <property name="sun.os.patch.level" value=""/>
    <property name="idea.version2019.1" value="true"/>
    <property name="java.library.path" value="D:\openjdk-11.0.2_windows-x64_bin\jdk-11.0.2\bin;C:\WINDOWS\Sun\Java\bin;C:\WINDOWS\system32;C:\WINDOWS;C:\WINDOWS\system32;C:\WINDOWS;C:\WINDOWS\System32\Wbem;C:\WINDOWS\System32\WindowsPowerShell\v1.0\;C:\WINDOWS\System32\OpenSSH\;D:\openjdk-11.0.2_windows-x64_bin\jdk-11.0.2\bin;D:\Git\cmd;C:\Program Files\nodejs\;C:\Users\진실\AppData\Local\Microsoft\WindowsApps;C:\Users\진실\AppData\Roaming\npm;C:\Users\진실\AppData\Local\Programs\Microsoft VS Code\bin;."/>
    <property name="java.vendor" value="Oracle Corporation"/>
    <property name="java.vm.info" value="mixed mode"/>
    <property name="java.vm.version" value="11.0.2+9"/>
    <property name="sun.io.unicode.encoding" value="UnicodeLittle"/>
    <property name="maven.repo.local" value="D:\진실이껌딱지\m2\repository"/>
    <property name="java.class.version" value="55.0"/>
  </properties>
  <testcase name="contextLoads" classname="me.adminmonitor.AdminmonitorApplicationTests" time="0.651"/>
</testsuite>